# JRE version: OpenJDK Runtime Environment Temurin-21.0.8+9 (21.0.8+9) (build 21.0.8+9-LTS)
# Java VM: OpenJDK 64-Bit Server VM Temurin-21.0.8+9 (21.0.8+9-LTS, mixed mode, sharing, tiered, compressed oops, compressed class ptrs, parallel gc, windows-amd64)
GC Precious Log:
 CardTable entry size: 512
 CPUs: 4 total, 4 available
 Memory: 7926M
 Large Page Support: Disabled
 NUMA Support: Disabled
 Compressed Oops: Enabled (Zero based)
 Alignments: Space 512K, Generation 512K, Heap 2M
 Heap Min Capacity: 100M
 Heap Initial Capacity: 100M
 Heap Max Capacity: 4G
 Pre-touch: Disabled
 Parallel Workers: 4
Heap:
 PSYoungGen      total 10240K, used 7151K [0x00000007aab00000, 0x00000007ab900000, 0x0000000800000000)
  eden space 9728K, 68% used [0x00000007aab00000,0x00000007ab183ec0,0x00000007ab480000)
  from space 512K, 93% used [0x00000007ab680000,0x00000007ab6f8010,0x00000007ab700000)
  to   space 2048K, 0% used [0x00000007ab480000,0x00000007ab480000,0x00000007ab680000)
 ParOldGen       total 68608K, used 68308K [0x0000000700000000, 0x0000000704300000, 0x00000007aab00000)
  object space 68608K, 99% used [0x0000000700000000,0x00000007042b50f0,0x0000000704300000)
 Metaspace       used 53942K, committed 55424K, reserved 1114112K
  class space    used 5756K, committed 6400K, reserved 1048576K
GC Heap History (20 events):
Event: 101.976 GC heap before
{Heap before GC invocations=77 (full 2):
 PSYoungGen      total 10752K, used 10432K [0x00000007aab00000, 0x00000007ab700000, 0x0000000800000000)
  eden space 10240K, 100% used [0x00000007aab00000,0x00000007ab500000,0x00000007ab500000)
  from space 512K, 37% used [0x00000007ab680000,0x00000007ab6b0000,0x00000007ab700000)
  to   space 512K, 0% used [0x00000007ab600000,0x00000007ab600000,0x00000007ab680000)
 ParOldGen       total 68608K, used 65346K [0x0000000700000000, 0x0000000704300000, 0x00000007aab00000)
  object space 68608K, 95% used [0x0000000700000000,0x0000000703fd0b90,0x0000000704300000)
 Metaspace       used 53170K, committed 54656K, reserved 1114112K
  class space    used 5666K, committed 6336K, reserved 1048576K
}
Event: 101.977 GC heap after
{Heap after GC invocations=77 (full 2):
 PSYoungGen      total 10752K, used 320K [0x00000007aab00000, 0x00000007ab700000, 0x0000000800000000)
  eden space 10240K, 0% used [0x00000007aab00000,0x00000007aab00000,0x00000007ab500000)
  from space 512K, 62% used [0x00000007ab600000,0x00000007ab650000,0x00000007ab680000)
  to   space 512K, 0% used [0x00000007ab680000,0x00000007ab680000,0x00000007ab700000)
 ParOldGen       total 68608K, used 65514K [0x0000000700000000, 0x0000000704300000, 0x00000007aab00000)
  object space 68608K, 95% used [0x0000000700000000,0x0000000703ffab90,0x0000000704300000)
 Metaspace       used 53170K, committed 54656K, reserved 1114112K
  class space    used 5666K, committed 6336K, reserved 1048576K
}
Event: 102.071 GC heap before
{Heap before GC invocations=78 (full 2):
 PSYoungGen      total 10752K, used 10560K [0x00000007aab00000, 0x00000007ab700000, 0x0000000800000000)
  eden space 10240K, 100% used [0x00000007aab00000,0x00000007ab500000,0x00000007ab500000)
  from space 512K, 62% used [0x00000007ab600000,0x00000007ab650000,0x00000007ab680000)
  to   space 512K, 0% used [0x00000007ab680000,0x00000007ab680000,0x00000007ab700000)
 ParOldGen       total 68608K, used 65514K [0x0000000700000000, 0x0000000704300000, 0x00000007aab00000)
  object space 68608K, 95% used [0x0000000700000000,0x0000000703ffab90,0x0000000704300000)
 Metaspace       used 53171K, committed 54656K, reserved 1114112K
  class space    used 5666K, committed 6336K, reserved 1048576K
}
Event: 102.072 GC heap after
{Heap after GC invocations=78 (full 2):
 PSYoungGen      total 10752K, used 278K [0x00000007aab00000, 0x00000007ab700000, 0x0000000800000000)
  eden space 10240K, 0% used [0x00000007aab00000,0x00000007aab00000,0x00000007ab500000)
  from space 512K, 54% used [0x00000007ab680000,0x00000007ab6c5888,0x00000007ab700000)
  to   space 512K, 0% used [0x00000007ab600000,0x00000007ab600000,0x00000007ab680000)
 ParOldGen       total 68608K, used 65746K [0x0000000700000000, 0x0000000704300000, 0x00000007aab00000)
  object space 68608K, 95% used [0x0000000700000000,0x0000000704034b90,0x0000000704300000)
 Metaspace       used 53171K, committed 54656K, reserved 1114112K
  class space    used 5666K, committed 6336K, reserved 1048576K
}
Event: 102.406 GC heap before
{Heap before GC invocations=79 (full 2):
 PSYoungGen      total 10752K, used 10516K [0x00000007aab00000, 0x00000007ab700000, 0x0000000800000000)
  eden space 10240K, 99% used [0x00000007aab00000,0x00000007ab4ffa58,0x00000007ab500000)
  from space 512K, 54% used [0x00000007ab680000,0x00000007ab6c5888,0x00000007ab700000)
  to   space 512K, 0% used [0x00000007ab600000,0x00000007ab600000,0x00000007ab680000)
 ParOldGen       total 68608K, used 65746K [0x0000000700000000, 0x0000000704300000, 0x00000007aab00000)
  object space 68608K, 95% used [0x0000000700000000,0x0000000704034b90,0x0000000704300000)
 Metaspace       used 53296K, committed 54784K, reserved 1114112K
  class space    used 5679K, committed 6336K, reserved 1048576K
}
Event: 102.407 GC heap after
{Heap after GC invocations=79 (full 2):
 PSYoungGen      total 10752K, used 308K [0x00000007aab00000, 0x00000007ab700000, 0x0000000800000000)
  eden space 10240K, 0% used [0x00000007aab00000,0x00000007aab00000,0x00000007ab500000)
  from space 512K, 60% used [0x00000007ab600000,0x00000007ab64d200,0x00000007ab680000)
  to   space 512K, 0% used [0x00000007ab680000,0x00000007ab680000,0x00000007ab700000)
 ParOldGen       total 68608K, used 65778K [0x0000000700000000, 0x0000000704300000, 0x00000007aab00000)
  object space 68608K, 95% used [0x0000000700000000,0x000000070403cb90,0x0000000704300000)
 Metaspace       used 53296K, committed 54784K, reserved 1114112K
  class space    used 5679K, committed 6336K, reserved 1048576K
}
Event: 102.861 GC heap before
{Heap before GC invocations=80 (full 2):
 PSYoungGen      total 10752K, used 10548K [0x00000007aab00000, 0x00000007ab700000, 0x0000000800000000)
  eden space 10240K, 100% used [0x00000007aab00000,0x00000007ab500000,0x00000007ab500000)
  from space 512K, 60% used [0x00000007ab600000,0x00000007ab64d200,0x00000007ab680000)
  to   space 512K, 0% used [0x00000007ab680000,0x00000007ab680000,0x00000007ab700000)
 ParOldGen       total 68608K, used 65778K [0x0000000700000000, 0x0000000704300000, 0x00000007aab00000)
  object space 68608K, 95% used [0x0000000700000000,0x000000070403cb90,0x0000000704300000)
 Metaspace       used 53299K, committed 54784K, reserved 1114112K
  class space    used 5679K, committed 6336K, reserved 1048576K
}
Event: 102.862 GC heap after
{Heap after GC invocations=80 (full 2):
 PSYoungGen      total 10752K, used 483K [0x00000007aab00000, 0x00000007ab700000, 0x0000000800000000)
  eden space 10240K, 0% used [0x00000007aab00000,0x00000007aab00000,0x00000007ab500000)
  from space 512K, 94% used [0x00000007ab680000,0x00000007ab6f8fc0,0x00000007ab700000)
  to   space 1024K, 0% used [0x00000007ab500000,0x00000007ab500000,0x00000007ab600000)
 ParOldGen       total 68608K, used 66047K [0x0000000700000000, 0x0000000704300000, 0x00000007aab00000)
  object space 68608K, 96% used [0x0000000700000000,0x000000070407fd90,0x0000000704300000)
 Metaspace       used 53299K, committed 54784K, reserved 1114112K
  class space    used 5679K, committed 6336K, reserved 1048576K
}
Event: 103.063 GC heap before
{Heap before GC invocations=81 (full 2):
 PSYoungGen      total 10752K, used 10711K [0x00000007aab00000, 0x00000007ab700000, 0x0000000800000000)
  eden space 10240K, 99% used [0x00000007aab00000,0x00000007ab4fd028,0x00000007ab500000)
  from space 512K, 94% used [0x00000007ab680000,0x00000007ab6f8fc0,0x00000007ab700000)
  to   space 1024K, 0% used [0x00000007ab500000,0x00000007ab500000,0x00000007ab600000)
 ParOldGen       total 68608K, used 66047K [0x0000000700000000, 0x0000000704300000, 0x00000007aab00000)
  object space 68608K, 96% used [0x0000000700000000,0x000000070407fd90,0x0000000704300000)
 Metaspace       used 53312K, committed 54784K, reserved 1114112K
  class space    used 5680K, committed 6336K, reserved 1048576K
}
Event: 103.064 GC heap after
{Heap after GC invocations=81 (full 2):
 PSYoungGen      total 11264K, used 192K [0x00000007aab00000, 0x00000007ab700000, 0x0000000800000000)
  eden space 10240K, 0% used [0x00000007aab00000,0x00000007aab00000,0x00000007ab500000)
  from space 1024K, 18% used [0x00000007ab500000,0x00000007ab530000,0x00000007ab600000)
  to   space 512K, 0% used [0x00000007ab680000,0x00000007ab680000,0x00000007ab700000)
 ParOldGen       total 68608K, used 66111K [0x0000000700000000, 0x0000000704300000, 0x00000007aab00000)
  object space 68608K, 96% used [0x0000000700000000,0x000000070408fd90,0x0000000704300000)
 Metaspace       used 53312K, committed 54784K, reserved 1114112K
  class space    used 5680K, committed 6336K, reserved 1048576K
}
Event: 103.192 GC heap before
{Heap before GC invocations=82 (full 2):
 PSYoungGen      total 11264K, used 10432K [0x00000007aab00000, 0x00000007ab700000, 0x0000000800000000)
  eden space 10240K, 100% used [0x00000007aab00000,0x00000007ab500000,0x00000007ab500000)
  from space 1024K, 18% used [0x00000007ab500000,0x00000007ab530000,0x00000007ab600000)
  to   space 512K, 0% used [0x00000007ab680000,0x00000007ab680000,0x00000007ab700000)
 ParOldGen       total 68608K, used 66111K [0x0000000700000000, 0x0000000704300000, 0x00000007aab00000)
  object space 68608K, 96% used [0x0000000700000000,0x000000070408fd90,0x0000000704300000)
 Metaspace       used 53318K, committed 54784K, reserved 1114112K
  class space    used 5680K, committed 6336K, reserved 1048576K
}
Event: 103.193 GC heap after
{Heap after GC invocations=82 (full 2):
 PSYoungGen      total 10752K, used 296K [0x00000007aab00000, 0x00000007ab700000, 0x0000000800000000)
  eden space 10240K, 0% used [0x00000007aab00000,0x00000007aab00000,0x00000007ab500000)
  from space 512K, 57% used [0x00000007ab680000,0x00000007ab6ca310,0x00000007ab700000)
  to   space 512K, 0% used [0x00000007ab600000,0x00000007ab600000,0x00000007ab680000)
 ParOldGen       total 68608K, used 66676K [0x0000000700000000, 0x0000000704300000, 0x00000007aab00000)
  object space 68608K, 97% used [0x0000000700000000,0x000000070411d2a0,0x0000000704300000)
 Metaspace       used 53318K, committed 54784K, reserved 1114112K
  class space    used 5680K, committed 6336K, reserved 1048576K
}
Event: 103.414 GC heap before
{Heap before GC invocations=83 (full 2):
 PSYoungGen      total 10752K, used 10536K [0x00000007aab00000, 0x00000007ab700000, 0x0000000800000000)
  eden space 10240K, 100% used [0x00000007aab00000,0x00000007ab500000,0x00000007ab500000)
  from space 512K, 57% used [0x00000007ab680000,0x00000007ab6ca310,0x00000007ab700000)
  to   space 512K, 0% used [0x00000007ab600000,0x00000007ab600000,0x00000007ab680000)
 ParOldGen       total 68608K, used 66676K [0x0000000700000000, 0x0000000704300000, 0x00000007aab00000)
  object space 68608K, 97% used [0x0000000700000000,0x000000070411d2a0,0x0000000704300000)
 Metaspace       used 53318K, committed 54784K, reserved 1114112K
  class space    used 5680K, committed 6336K, reserved 1048576K
}
Event: 103.415 GC heap after
{Heap after GC invocations=83 (full 2):
 PSYoungGen      total 10752K, used 224K [0x00000007aab00000, 0x00000007ab700000, 0x0000000800000000)
  eden space 10240K, 0% used [0x00000007aab00000,0x00000007aab00000,0x00000007ab500000)
  from space 512K, 43% used [0x00000007ab600000,0x00000007ab638000,0x00000007ab680000)
  to   space 512K, 0% used [0x00000007ab680000,0x00000007ab680000,0x00000007ab700000)
 ParOldGen       total 68608K, used 66916K [0x0000000700000000, 0x0000000704300000, 0x00000007aab00000)
  object space 68608K, 97% used [0x0000000700000000,0x00000007041590f0,0x0000000704300000)
 Metaspace       used 53318K, committed 54784K, reserved 1114112K
  class space    used 5680K, committed 6336K, reserved 1048576K
}
Event: 104.429 GC heap before
{Heap before GC invocations=84 (full 2):
 PSYoungGen      total 10752K, used 10373K [0x00000007aab00000, 0x00000007ab700000, 0x0000000800000000)
  eden space 10240K, 99% used [0x00000007aab00000,0x00000007ab4e9468,0x00000007ab500000)
  from space 512K, 43% used [0x00000007ab600000,0x00000007ab638000,0x00000007ab680000)
  to   space 512K, 0% used [0x00000007ab680000,0x00000007ab680000,0x00000007ab700000)
 ParOldGen       total 68608K, used 66916K [0x0000000700000000, 0x0000000704300000, 0x00000007aab00000)
  object space 68608K, 97% used [0x0000000700000000,0x00000007041590f0,0x0000000704300000)
 Metaspace       used 53328K, committed 54784K, reserved 1114112K
  class space    used 5680K, committed 6336K, reserved 1048576K
}
Event: 104.429 GC heap after
{Heap after GC invocations=84 (full 2):
 PSYoungGen      total 10752K, used 224K [0x00000007aab00000, 0x00000007ab700000, 0x0000000800000000)
  eden space 10240K, 0% used [0x00000007aab00000,0x00000007aab00000,0x00000007ab500000)
  from space 512K, 43% used [0x00000007ab680000,0x00000007ab6b8000,0x00000007ab700000)
  to   space 512K, 0% used [0x00000007ab600000,0x00000007ab600000,0x00000007ab680000)
 ParOldGen       total 68608K, used 67084K [0x0000000700000000, 0x0000000704300000, 0x00000007aab00000)
  object space 68608K, 97% used [0x0000000700000000,0x00000007041830f0,0x0000000704300000)
 Metaspace       used 53328K, committed 54784K, reserved 1114112K
  class space    used 5680K, committed 6336K, reserved 1048576K
}
Event: 104.798 GC heap before
{Heap before GC invocations=85 (full 2):
 PSYoungGen      total 10752K, used 10464K [0x00000007aab00000, 0x00000007ab700000, 0x0000000800000000)
  eden space 10240K, 100% used [0x00000007aab00000,0x00000007ab500000,0x00000007ab500000)
  from space 512K, 43% used [0x00000007ab680000,0x00000007ab6b8000,0x00000007ab700000)
  to   space 512K, 0% used [0x00000007ab600000,0x00000007ab600000,0x00000007ab680000)
 ParOldGen       total 68608K, used 67084K [0x0000000700000000, 0x0000000704300000, 0x00000007aab00000)
  object space 68608K, 97% used [0x0000000700000000,0x00000007041830f0,0x0000000704300000)
 Metaspace       used 53366K, committed 54848K, reserved 1114112K
  class space    used 5680K, committed 6336K, reserved 1048576K
}
Event: 104.800 GC heap after
{Heap after GC invocations=85 (full 2):
 PSYoungGen      total 10752K, used 128K [0x00000007aab00000, 0x00000007ab700000, 0x0000000800000000)
  eden space 10240K, 0% used [0x00000007aab00000,0x00000007aab00000,0x00000007ab500000)
  from space 512K, 25% used [0x00000007ab600000,0x00000007ab620000,0x00000007ab680000)
  to   space 512K, 0% used [0x00000007ab680000,0x00000007ab680000,0x00000007ab700000)
 ParOldGen       total 68608K, used 67244K [0x0000000700000000, 0x0000000704300000, 0x00000007aab00000)
  object space 68608K, 98% used [0x0000000700000000,0x00000007041ab0f0,0x0000000704300000)
 Metaspace       used 53366K, committed 54848K, reserved 1114112K
  class space    used 5680K, committed 6336K, reserved 1048576K
}
Event: 3075.818 GC heap before
{Heap before GC invocations=86 (full 2):
 PSYoungGen      total 10752K, used 10368K [0x00000007aab00000, 0x00000007ab700000, 0x0000000800000000)
  eden space 10240K, 100% used [0x00000007aab00000,0x00000007ab500000,0x00000007ab500000)
  from space 512K, 25% used [0x00000007ab600000,0x00000007ab620000,0x00000007ab680000)
  to   space 512K, 0% used [0x00000007ab680000,0x00000007ab680000,0x00000007ab700000)
 ParOldGen       total 68608K, used 67244K [0x0000000700000000, 0x0000000704300000, 0x00000007aab00000)
  object space 68608K, 98% used [0x0000000700000000,0x00000007041ab0f0,0x0000000704300000)
 Metaspace       used 53914K, committed 55424K, reserved 1114112K
  class space    used 5756K, committed 6400K, reserved 1048576K
}
Event: 3075.895 GC heap after
{Heap after GC invocations=86 (full 2):
 PSYoungGen      total 10240K, used 480K [0x00000007aab00000, 0x00000007ab900000, 0x0000000800000000)
  eden space 9728K, 0% used [0x00000007aab00000,0x00000007aab00000,0x00000007ab480000)
  from space 512K, 93% used [0x00000007ab680000,0x00000007ab6f8010,0x00000007ab700000)
  to   space 2048K, 0% used [0x00000007ab480000,0x00000007ab480000,0x00000007ab680000)
 ParOldGen       total 68608K, used 68308K [0x0000000700000000, 0x0000000704300000, 0x00000007aab00000)
  object space 68608K, 99% used [0x0000000700000000,0x00000007042b50f0,0x0000000704300000)
 Metaspace       used 53914K, committed 55424K, reserved 1114112K
  class space    used 5756K, committed 6400K, reserved 1048576K
}

